# JRE version: OpenJDK Runtime Environment (11.0.12+7) (build 11.0.12+7-b1504.28-7817840)
# Java VM: OpenJDK 64-Bit Server VM (11.0.12+7-b1504.28-7817840, mixed mode, tiered, compressed oops, g1 gc, windows-amd64)
Heap:
 garbage-first heap   total 312320K, used 229185K [0x0000000080000000, 0x0000000100000000)
  region size 1024K, 72 young (73728K), 4 survivors (4096K)
 Metaspace       used 130489K, capacity 134233K, committed 134568K, reserved 1165312K
  class space    used 16420K, capacity 17819K, committed 17920K, reserved 1048576K
GC Heap History (20 events):
Event: 689.728 GC heap before
{Heap before GC invocations=56 (full 0):
 garbage-first heap   total 260096K, used 223755K [0x0000000080000000, 0x0000000100000000)
  region size 1024K, 35 young (35840K), 5 survivors (5120K)
 Metaspace       used 125966K, capacity 129520K, committed 129576K, reserved 1161216K
  class space    used 15676K, capacity 17000K, committed 17024K, reserved 1048576K
}
Event: 689.739 GC heap after
{Heap after GC invocations=57 (full 0):
 garbage-first heap   total 260096K, used 198618K [0x0000000080000000, 0x0000000100000000)
  region size 1024K, 5 young (5120K), 5 survivors (5120K)
 Metaspace       used 125966K, capacity 129520K, committed 129576K, reserved 1161216K
  class space    used 15676K, capacity 17000K, committed 17024K, reserved 1048576K
}
Event: 689.837 GC heap before
{Heap before GC invocations=57 (full 0):
 garbage-first heap   total 260096K, used 222170K [0x0000000080000000, 0x0000000100000000)
  region size 1024K, 29 young (29696K), 5 survivors (5120K)
 Metaspace       used 126552K, capacity 130130K, committed 130216K, reserved 1163264K
  class space    used 15762K, capacity 17096K, committed 17152K, reserved 1048576K
}
Event: 689.843 GC heap after
{Heap after GC invocations=58 (full 0):
 garbage-first heap   total 260096K, used 199556K [0x0000000080000000, 0x0000000100000000)
  region size 1024K, 1 young (1024K), 1 survivors (1024K)
 Metaspace       used 126552K, capacity 130130K, committed 130216K, reserved 1163264K
  class space    used 15762K, capacity 17096K, committed 17152K, reserved 1048576K
}
Event: 689.940 GC heap before
{Heap before GC invocations=58 (full 0):
 garbage-first heap   total 260096K, used 223108K [0x0000000080000000, 0x0000000100000000)
  region size 1024K, 24 young (24576K), 1 survivors (1024K)
 Metaspace       used 127288K, capacity 130888K, committed 131112K, reserved 1163264K
  class space    used 15871K, capacity 17204K, committed 17280K, reserved 1048576K
}
Event: 689.942 GC heap after
{Heap after GC invocations=59 (full 0):
 garbage-first heap   total 260096K, used 199291K [0x0000000080000000, 0x0000000100000000)
  region size 1024K, 1 young (1024K), 1 survivors (1024K)
 Metaspace       used 127288K, capacity 130888K, committed 131112K, reserved 1163264K
  class space    used 15871K, capacity 17204K, committed 17280K, reserved 1048576K
}
Event: 689.991 GC heap before
{Heap before GC invocations=59 (full 0):
 garbage-first heap   total 260096K, used 223867K [0x0000000080000000, 0x0000000100000000)
  region size 1024K, 25 young (25600K), 1 survivors (1024K)
 Metaspace       used 127573K, capacity 131248K, committed 131368K, reserved 1163264K
  class space    used 15918K, capacity 17280K, committed 17280K, reserved 1048576K
}
Event: 689.993 GC heap after
{Heap after GC invocations=60 (full 0):
 garbage-first heap   total 260096K, used 199201K [0x0000000080000000, 0x0000000100000000)
  region size 1024K, 1 young (1024K), 1 survivors (1024K)
 Metaspace       used 127573K, capacity 131248K, committed 131368K, reserved 1163264K
  class space    used 15918K, capacity 17280K, committed 17280K, reserved 1048576K
}
Event: 690.214 GC heap before
{Heap before GC invocations=60 (full 0):
 garbage-first heap   total 260096K, used 209441K [0x0000000080000000, 0x0000000100000000)
  region size 1024K, 26 young (26624K), 1 survivors (1024K)
 Metaspace       used 128037K, capacity 131688K, committed 131752K, reserved 1163264K
  class space    used 16020K, capacity 17387K, committed 17408K, reserved 1048576K
}
Event: 690.218 GC heap after
{Heap after GC invocations=61 (full 0):
 garbage-first heap   total 260096K, used 183947K [0x0000000080000000, 0x0000000100000000)
  region size 1024K, 1 young (1024K), 1 survivors (1024K)
 Metaspace       used 128037K, capacity 131688K, committed 131752K, reserved 1163264K
  class space    used 16020K, capacity 17387K, committed 17408K, reserved 1048576K
}
Event: 690.800 GC heap before
{Heap before GC invocations=62 (full 0):
 garbage-first heap   total 260096K, used 253579K [0x0000000080000000, 0x0000000100000000)
  region size 1024K, 35 young (35840K), 1 survivors (1024K)
 Metaspace       used 129689K, capacity 133358K, committed 133672K, reserved 1165312K
  class space    used 16345K, capacity 17723K, committed 17792K, reserved 1048576K
}
Event: 690.807 GC heap after
{Heap after GC invocations=63 (full 0):
 garbage-first heap   total 260096K, used 186921K [0x0000000080000000, 0x0000000100000000)
  region size 1024K, 4 young (4096K), 4 survivors (4096K)
 Metaspace       used 129689K, capacity 133358K, committed 133672K, reserved 1165312K
  class space    used 16345K, capacity 17723K, committed 17792K, reserved 1048576K
}
Event: 690.850 GC heap before
{Heap before GC invocations=63 (full 0):
 garbage-first heap   total 260096K, used 195113K [0x0000000080000000, 0x0000000100000000)
  region size 1024K, 12 young (12288K), 4 survivors (4096K)
 Metaspace       used 129736K, capacity 133422K, committed 133672K, reserved 1165312K
  class space    used 16351K, capacity 17723K, committed 17792K, reserved 1048576K
}
Event: 690.861 GC heap after
{Heap after GC invocations=64 (full 0):
 garbage-first heap   total 260096K, used 163622K [0x0000000080000000, 0x0000000100000000)
  region size 1024K, 2 young (2048K), 2 survivors (2048K)
 Metaspace       used 129736K, capacity 133422K, committed 133672K, reserved 1165312K
  class space    used 16351K, capacity 17723K, committed 17792K, reserved 1048576K
}
Event: 690.932 GC heap before
{Heap before GC invocations=64 (full 0):
 garbage-first heap   total 260096K, used 172838K [0x0000000080000000, 0x0000000100000000)
  region size 1024K, 12 young (12288K), 2 survivors (2048K)
 Metaspace       used 129744K, capacity 133423K, committed 133672K, reserved 1165312K
  class space    used 16351K, capacity 17723K, committed 17792K, reserved 1048576K
}
Event: 690.939 GC heap after
{Heap after GC invocations=65 (full 0):
 garbage-first heap   total 260096K, used 158703K [0x0000000080000000, 0x0000000100000000)
  region size 1024K, 2 young (2048K), 2 survivors (2048K)
 Metaspace       used 129744K, capacity 133423K, committed 133672K, reserved 1165312K
  class space    used 16351K, capacity 17723K, committed 17792K, reserved 1048576K
}
Event: 691.033 GC heap before
{Heap before GC invocations=65 (full 0):
 garbage-first heap   total 260096K, used 206831K [0x0000000080000000, 0x0000000100000000)
  region size 1024K, 49 young (50176K), 2 survivors (2048K)
 Metaspace       used 129750K, capacity 133423K, committed 133672K, reserved 1165312K
  class space    used 16351K, capacity 17723K, committed 17792K, reserved 1048576K
}
Event: 691.039 GC heap after
{Heap after GC invocations=66 (full 0):
 garbage-first heap   total 260096K, used 160233K [0x0000000080000000, 0x0000000100000000)
  region size 1024K, 4 young (4096K), 4 survivors (4096K)
 Metaspace       used 129750K, capacity 133423K, committed 133672K, reserved 1165312K
  class space    used 16351K, capacity 17723K, committed 17792K, reserved 1048576K
}
Event: 691.053 GC heap before
{Heap before GC invocations=66 (full 0):
 garbage-first heap   total 260096K, used 208361K [0x0000000080000000, 0x0000000100000000)
  region size 1024K, 52 young (53248K), 4 survivors (4096K)
 Metaspace       used 129750K, capacity 133423K, committed 133672K, reserved 1165312K
  class space    used 16351K, capacity 17723K, committed 17792K, reserved 1048576K
}
Event: 691.058 GC heap after
{Heap after GC invocations=67 (full 0):
 garbage-first heap   total 312320K, used 160577K [0x0000000080000000, 0x0000000100000000)
  region size 1024K, 4 young (4096K), 4 survivors (4096K)
 Metaspace       used 129750K, capacity 133423K, committed 133672K, reserved 1165312K
  class space    used 16351K, capacity 17723K, committed 17792K, reserved 1048576K
}

